
2026-03-28T11:57:00.218+01:00  INFO 13692 --- [spring-monitoring] [main] ma.fstg.SpringMonitoringApplication      : Starting SpringMonitoringApplication using Java 25.0.2 with PID 13692 (C:\Users\Hp Pavilion\Desktop\spring-monitoring\target\classes started by Hp Pavilion in C:\Users\Hp Pavilion\Desktop\spring-monitoring)
2026-03-28T11:57:00.220+01:00  INFO 13692 --- [spring-monitoring] [main] ma.fstg.SpringMonitoringApplication      : No active profile set, falling back to 1 default profile: "default"
2026-03-28T11:57:01.345+01:00  INFO 13692 --- [spring-monitoring] [main] o.s.b.w.embedded.tomcat.TomcatWebServer  : Tomcat initialized with port 8080 (http)
2026-03-28T11:57:01.363+01:00  INFO 13692 --- [spring-monitoring] [main] o.apache.catalina.core.StandardService   : Starting service [Tomcat]
2026-03-28T11:57:01.364+01:00  INFO 13692 --- [spring-monitoring] [main] o.apache.catalina.core.StandardEngine    : Starting Servlet engine: [Apache Tomcat/10.1.52]
2026-03-28T11:57:01.421+01:00  INFO 13692 --- [spring-monitoring] [main] o.a.c.c.C.[Tomcat].[localhost].[/]       : Initializing Spring embedded WebApplicationContext
2026-03-28T11:57:01.421+01:00  INFO 13692 --- [spring-monitoring] [main] w.s.c.ServletWebServerApplicationContext : Root WebApplicationContext: initialization completed in 1138 ms
2026-03-28T11:57:02.013+01:00  INFO 13692 --- [spring-monitoring] [main] o.s.b.a.e.web.EndpointLinksResolver      : Exposing 15 endpoints beneath base path '/actuator'
2026-03-28T11:57:02.073+01:00  INFO 13692 --- [spring-monitoring] [main] o.s.b.w.embedded.tomcat.TomcatWebServer  : Tomcat started on port 8080 (http) with context path '/'
2026-03-28T11:57:02.082+01:00  INFO 13692 --- [spring-monitoring] [main] ma.fstg.SpringMonitoringApplication      : Started SpringMonitoringApplication in 2.412 seconds (process running for 2.96)
2026-03-28T11:58:35.846+01:00  INFO 13692 --- [spring-monitoring] [SpringApplicationShutdownHook] o.s.b.w.e.tomcat.GracefulShutdown        : Commencing graceful shutdown. Waiting for active requests to complete
2026-03-28T11:58:35.869+01:00  INFO 13692 --- [spring-monitoring] [tomcat-shutdown] o.s.b.w.e.tomcat.GracefulShutdown        : Graceful shutdown complete
2026-03-28T12:00:22.128+01:00  INFO 25484 --- [spring-monitoring] [main] ma.fstg.SpringMonitoringApplication      : Starting SpringMonitoringApplication using Java 25.0.2 with PID 25484 (C:\Users\Hp Pavilion\Desktop\spring-monitoring\target\classes started by Hp Pavilion in C:\Users\Hp Pavilion\Desktop\spring-monitoring)
2026-03-28T12:00:22.130+01:00  INFO 25484 --- [spring-monitoring] [main] ma.fstg.SpringMonitoringApplication      : No active profile set, falling back to 1 default profile: "default"
2026-03-28T12:00:24.053+01:00  INFO 25484 --- [spring-monitoring] [main] o.s.b.w.embedded.tomcat.TomcatWebServer  : Tomcat initialized with port 8080 (http)
2026-03-28T12:00:24.071+01:00  INFO 25484 --- [spring-monitoring] [main] o.apache.catalina.core.StandardService   : Starting service [Tomcat]
2026-03-28T12:00:24.071+01:00  INFO 25484 --- [spring-monitoring] [main] o.apache.catalina.core.StandardEngine    : Starting Servlet engine: [Apache Tomcat/10.1.52]
2026-03-28T12:00:24.127+01:00  INFO 25484 --- [spring-monitoring] [main] o.a.c.c.C.[Tomcat].[localhost].[/]       : Initializing Spring embedded WebApplicationContext
2026-03-28T12:00:24.128+01:00  INFO 25484 --- [spring-monitoring] [main] w.s.c.ServletWebServerApplicationContext : Root WebApplicationContext: initialization completed in 1927 ms
2026-03-28T12:00:24.718+01:00  INFO 25484 --- [spring-monitoring] [main] o.s.b.a.e.web.EndpointLinksResolver      : Exposing 15 endpoints beneath base path '/actuator'
2026-03-28T12:00:24.778+01:00  INFO 25484 --- [spring-monitoring] [main] o.s.b.w.embedded.tomcat.TomcatWebServer  : Tomcat started on port 8080 (http) with context path '/'
2026-03-28T12:00:24.788+01:00  INFO 25484 --- [spring-monitoring] [main] ma.fstg.SpringMonitoringApplication      : Started SpringMonitoringApplication in 3.233 seconds (process running for 3.905)
2026-03-28T12:00:48.908+01:00  INFO 25484 --- [spring-monitoring] [http-nio-8080-exec-1] o.a.c.c.C.[Tomcat].[localhost].[/]       : Initializing Spring DispatcherServlet 'dispatcherServlet'
2026-03-28T12:00:48.909+01:00  INFO 25484 --- [spring-monitoring] [http-nio-8080-exec-1] o.s.web.servlet.DispatcherServlet        : Initializing Servlet 'dispatcherServlet'
2026-03-28T12:00:48.911+01:00  INFO 25484 --- [spring-monitoring] [http-nio-8080-exec-1] o.s.web.servlet.DispatcherServlet        : Completed initialization in 2 ms
2026-03-28T12:03:43.618+01:00  INFO 25484 --- [spring-monitoring] [SpringApplicationShutdownHook] o.s.b.w.e.tomcat.GracefulShutdown        : Commencing graceful shutdown. Waiting for active requests to complete
2026-03-28T12:03:43.642+01:00  INFO 25484 --- [spring-monitoring] [tomcat-shutdown] o.s.b.w.e.tomcat.GracefulShutdown        : Graceful shutdown complete
2026-03-28T12:26:03.883+01:00  INFO 27692 --- [spring-monitoring] [main] ma.fstg.SpringMonitoringApplication      : Starting SpringMonitoringApplication using Java 25.0.2 with PID 27692 (C:\Users\Hp Pavilion\Desktop\spring-monitoring\target\classes started by Hp Pavilion in C:\Users\Hp Pavilion\Desktop\spring-monitoring)
2026-03-28T12:26:03.888+01:00  INFO 27692 --- [spring-monitoring] [main] ma.fstg.SpringMonitoringApplication      : No active profile set, falling back to 1 default profile: "default"
2026-03-28T12:26:07.162+01:00  INFO 27692 --- [spring-monitoring] [main] o.s.b.w.embedded.tomcat.TomcatWebServer  : Tomcat initialized with port 8080 (http)
2026-03-28T12:26:07.180+01:00  INFO 27692 --- [spring-monitoring] [main] o.apache.catalina.core.StandardService   : Starting service [Tomcat]
2026-03-28T12:26:07.181+01:00  INFO 27692 --- [spring-monitoring] [main] o.apache.catalina.core.StandardEngine    : Starting Servlet engine: [Apache Tomcat/10.1.52]
2026-03-28T12:26:07.238+01:00  INFO 27692 --- [spring-monitoring] [main] o.a.c.c.C.[Tomcat].[localhost].[/]       : Initializing Spring embedded WebApplicationContext
2026-03-28T12:26:07.239+01:00  INFO 27692 --- [spring-monitoring] [main] w.s.c.ServletWebServerApplicationContext : Root WebApplicationContext: initialization completed in 3269 ms
2026-03-28T12:26:07.856+01:00  INFO 27692 --- [spring-monitoring] [main] o.s.b.a.e.web.EndpointLinksResolver      : Exposing 15 endpoints beneath base path '/actuator'
2026-03-28T12:26:07.918+01:00  INFO 27692 --- [spring-monitoring] [main] o.s.b.w.embedded.tomcat.TomcatWebServer  : Tomcat started on port 8080 (http) with context path '/'
2026-03-28T12:26:07.928+01:00  INFO 27692 --- [spring-monitoring] [main] ma.fstg.SpringMonitoringApplication      : Started SpringMonitoringApplication in 4.668 seconds (process running for 5.338)
2026-03-28T12:26:35.701+01:00  INFO 27692 --- [spring-monitoring] [http-nio-8080-exec-1] o.a.c.c.C.[Tomcat].[localhost].[/]       : Initializing Spring DispatcherServlet 'dispatcherServlet'
2026-03-28T12:26:35.702+01:00  INFO 27692 --- [spring-monitoring] [http-nio-8080-exec-1] o.s.web.servlet.DispatcherServlet        : Initializing Servlet 'dispatcherServlet'
2026-03-28T12:26:35.706+01:00  INFO 27692 --- [spring-monitoring] [http-nio-8080-exec-1] o.s.web.servlet.DispatcherServlet        : Completed initialization in 3 ms
2026-03-28T13:40:27.557+01:00  INFO 27692 --- [spring-monitoring] [SpringApplicationShutdownHook] o.s.b.w.e.tomcat.GracefulShutdown        : Commencing graceful shutdown. Waiting for active requests to complete
2026-03-28T13:40:27.636+01:00  INFO 27692 --- [spring-monitoring] [tomcat-shutdown] o.s.b.w.e.tomcat.GracefulShutdown        : Graceful shutdown complete
2026-03-28T13:40:58.235+01:00  INFO 16040 --- [spring-monitoring] [main] ma.fstg.SpringMonitoringApplication      : Starting SpringMonitoringApplication using Java 25.0.2 with PID 16040 (C:\Users\Hp Pavilion\Desktop\spring-monitoring\target\classes started by Hp Pavilion in C:\Users\Hp Pavilion\Desktop\spring-monitoring)
2026-03-28T13:40:58.239+01:00  INFO 16040 --- [spring-monitoring] [main] ma.fstg.SpringMonitoringApplication      : No active profile set, falling back to 1 default profile: "default"
2026-03-28T13:41:01.171+01:00  INFO 16040 --- [spring-monitoring] [main] o.s.b.w.embedded.tomcat.TomcatWebServer  : Tomcat initialized with port 8080 (http)
2026-03-28T13:41:01.216+01:00  INFO 16040 --- [spring-monitoring] [main] o.apache.catalina.core.StandardService   : Starting service [Tomcat]
2026-03-28T13:41:01.216+01:00  INFO 16040 --- [spring-monitoring] [main] o.apache.catalina.core.StandardEngine    : Starting Servlet engine: [Apache Tomcat/10.1.52]
2026-03-28T13:41:01.368+01:00  INFO 16040 --- [spring-monitoring] [main] o.a.c.c.C.[Tomcat].[localhost].[/]       : Initializing Spring embedded WebApplicationContext
2026-03-28T13:41:01.370+01:00  INFO 16040 --- [spring-monitoring] [main] w.s.c.ServletWebServerApplicationContext : Root WebApplicationContext: initialization completed in 3010 ms
2026-03-28T13:41:02.952+01:00  INFO 16040 --- [spring-monitoring] [main] o.s.b.a.e.web.EndpointLinksResolver      : Exposing 15 endpoints beneath base path '/actuator'
2026-03-28T13:41:03.113+01:00  INFO 16040 --- [spring-monitoring] [main] o.s.b.w.embedded.tomcat.TomcatWebServer  : Tomcat started on port 8080 (http) with context path '/'
2026-03-28T13:41:03.139+01:00  INFO 16040 --- [spring-monitoring] [main] ma.fstg.SpringMonitoringApplication      : Started SpringMonitoringApplication in 5.683 seconds (process running for 6.275)
2026-03-28T13:41:35.899+01:00  INFO 16040 --- [spring-monitoring] [http-nio-8080-exec-1] o.a.c.c.C.[Tomcat].[localhost].[/]       : Initializing Spring DispatcherServlet 'dispatcherServlet'
2026-03-28T13:41:35.901+01:00  INFO 16040 --- [spring-monitoring] [http-nio-8080-exec-1] o.s.web.servlet.DispatcherServlet        : Initializing Servlet 'dispatcherServlet'
2026-03-28T13:41:35.903+01:00  INFO 16040 --- [spring-monitoring] [http-nio-8080-exec-1] o.s.web.servlet.DispatcherServlet        : Completed initialization in 2 ms
2026-03-28T13:46:24.752+01:00  INFO 16040 --- [spring-monitoring] [SpringApplicationShutdownHook] o.s.b.w.e.tomcat.GracefulShutdown        : Commencing graceful shutdown. Waiting for active requests to complete
2026-03-28T13:46:26.034+01:00  INFO 16040 --- [spring-monitoring] [tomcat-shutdown] o.s.b.w.e.tomcat.GracefulShutdown        : Graceful shutdown complete
2026-03-28T13:47:52.058+01:00  INFO 21064 --- [spring-monitoring] [main] ma.fstg.SpringMonitoringApplication      : Starting SpringMonitoringApplication using Java 25.0.2 with PID 21064 (C:\Users\Hp Pavilion\Desktop\spring-monitoring\target\classes started by Hp Pavilion in C:\Users\Hp Pavilion\Desktop\spring-monitoring)
2026-03-28T13:47:52.061+01:00  INFO 21064 --- [spring-monitoring] [main] ma.fstg.SpringMonitoringApplication      : No active profile set, falling back to 1 default profile: "default"
2026-03-28T13:47:55.669+01:00  INFO 21064 --- [spring-monitoring] [main] o.s.b.w.embedded.tomcat.TomcatWebServer  : Tomcat initialized with port 8080 (http)
2026-03-28T13:47:55.717+01:00  INFO 21064 --- [spring-monitoring] [main] o.apache.catalina.core.StandardService   : Starting service [Tomcat]
2026-03-28T13:47:55.718+01:00  INFO 21064 --- [spring-monitoring] [main] o.apache.catalina.core.StandardEngine    : Starting Servlet engine: [Apache Tomcat/10.1.52]
2026-03-28T13:47:55.900+01:00  INFO 21064 --- [spring-monitoring] [main] o.a.c.c.C.[Tomcat].[localhost].[/]       : Initializing Spring embedded WebApplicationContext
2026-03-28T13:47:55.901+01:00  INFO 21064 --- [spring-monitoring] [main] w.s.c.ServletWebServerApplicationContext : Root WebApplicationContext: initialization completed in 3751 ms
2026-03-28T13:47:58.152+01:00  INFO 21064 --- [spring-monitoring] [main] o.s.b.a.e.web.EndpointLinksResolver      : Exposing 15 endpoints beneath base path '/actuator'
2026-03-28T13:47:58.345+01:00  INFO 21064 --- [spring-monitoring] [main] o.s.b.w.embedded.tomcat.TomcatWebServer  : Tomcat started on port 8080 (http) with context path '/'
2026-03-28T13:47:58.383+01:00  INFO 21064 --- [spring-monitoring] [main] ma.fstg.SpringMonitoringApplication      : Started SpringMonitoringApplication in 7.169 seconds (process running for 8.638)
2026-03-28T13:48:01.868+01:00  INFO 21064 --- [spring-monitoring] [http-nio-8080-exec-1] o.a.c.c.C.[Tomcat].[localhost].[/]       : Initializing Spring DispatcherServlet 'dispatcherServlet'
2026-03-28T13:48:01.869+01:00  INFO 21064 --- [spring-monitoring] [http-nio-8080-exec-1] o.s.web.servlet.DispatcherServlet        : Initializing Servlet 'dispatcherServlet'
2026-03-28T13:48:01.872+01:00  INFO 21064 --- [spring-monitoring] [http-nio-8080-exec-1] o.s.web.servlet.DispatcherServlet        : Completed initialization in 2 ms
2026-03-28T14:26:22.352+01:00  INFO 21064 --- [spring-monitoring] [SpringApplicationShutdownHook] o.s.b.w.e.tomcat.GracefulShutdown        : Commencing graceful shutdown. Waiting for active requests to complete
2026-03-28T14:28:19.418+01:00  INFO 1076 --- [spring-monitoring] [main] ma.fstg.SpringMonitoringApplication      : Starting SpringMonitoringApplication using Java 25.0.2 with PID 1076 (C:\Users\Hp Pavilion\Desktop\spring-monitoring\target\classes started by Hp Pavilion in C:\Users\Hp Pavilion\Desktop\spring-monitoring)
2026-03-28T14:28:19.421+01:00 DEBUG 1076 --- [spring-monitoring] [main] ma.fstg.SpringMonitoringApplication      : Running with Spring Boot v3.5.11, Spring v6.2.16
2026-03-28T14:28:19.423+01:00  INFO 1076 --- [spring-monitoring] [main] ma.fstg.SpringMonitoringApplication      : No active profile set, falling back to 1 default profile: "default"
2026-03-28T14:28:21.499+01:00  INFO 1076 --- [spring-monitoring] [main] o.s.b.w.embedded.tomcat.TomcatWebServer  : Tomcat initialized with port 8080 (http)
2026-03-28T14:28:21.522+01:00  INFO 1076 --- [spring-monitoring] [main] o.apache.catalina.core.StandardService   : Starting service [Tomcat]
2026-03-28T14:28:21.523+01:00  INFO 1076 --- [spring-monitoring] [main] o.apache.catalina.core.StandardEngine    : Starting Servlet engine: [Apache Tomcat/10.1.52]
2026-03-28T14:28:21.600+01:00  INFO 1076 --- [spring-monitoring] [main] o.a.c.c.C.[Tomcat].[localhost].[/]       : Initializing Spring embedded WebApplicationContext
2026-03-28T14:28:21.601+01:00  INFO 1076 --- [spring-monitoring] [main] w.s.c.ServletWebServerApplicationContext : Root WebApplicationContext: initialization completed in 2075 ms
2026-03-28T14:28:22.490+01:00  INFO 1076 --- [spring-monitoring] [main] o.s.b.a.e.web.EndpointLinksResolver      : Exposing 15 endpoints beneath base path '/actuator'
2026-03-28T14:28:22.579+01:00  INFO 1076 --- [spring-monitoring] [main] o.s.b.w.embedded.tomcat.TomcatWebServer  : Tomcat started on port 8080 (http) with context path '/'
2026-03-28T14:28:22.595+01:00  INFO 1076 --- [spring-monitoring] [main] ma.fstg.SpringMonitoringApplication      : Started SpringMonitoringApplication in 3.995 seconds (process running for 4.71)
2026-03-28T14:28:25.735+01:00  INFO 1076 --- [spring-monitoring] [http-nio-8080-exec-1] o.a.c.c.C.[Tomcat].[localhost].[/]       : Initializing Spring DispatcherServlet 'dispatcherServlet'
2026-03-28T14:28:25.736+01:00  INFO 1076 --- [spring-monitoring] [http-nio-8080-exec-1] o.s.web.servlet.DispatcherServlet        : Initializing Servlet 'dispatcherServlet'
2026-03-28T14:28:25.741+01:00  INFO 1076 --- [spring-monitoring] [http-nio-8080-exec-1] o.s.web.servlet.DispatcherServlet        : Completed initialization in 4 ms
2026-03-28T15:06:49.720+01:00  INFO 1076 --- [spring-monitoring] [SpringApplicationShutdownHook] o.s.b.w.e.tomcat.GracefulShutdown        : Commencing graceful shutdown. Waiting for active requests to complete
2026-03-28T15:06:49.786+01:00  INFO 1076 --- [spring-monitoring] [tomcat-shutdown] o.s.b.w.e.tomcat.GracefulShutdown        : Graceful shutdown complete
2026-03-28T15:06:55.118+01:00  INFO 28244 --- [spring-monitoring] [main] ma.fstg.SpringMonitoringApplication      : Starting SpringMonitoringApplication using Java 25.0.2 with PID 28244 (C:\Users\Hp Pavilion\Desktop\spring-monitoring\target\classes started by Hp Pavilion in C:\Users\Hp Pavilion\Desktop\spring-monitoring)
2026-03-28T15:06:55.119+01:00 DEBUG 28244 --- [spring-monitoring] [main] ma.fstg.SpringMonitoringApplication      : Running with Spring Boot v3.5.11, Spring v6.2.16
2026-03-28T15:06:55.120+01:00  INFO 28244 --- [spring-monitoring] [main] ma.fstg.SpringMonitoringApplication      : No active profile set, falling back to 1 default profile: "default"
2026-03-28T15:06:56.411+01:00  INFO 28244 --- [spring-monitoring] [main] o.s.b.w.embedded.tomcat.TomcatWebServer  : Tomcat initialized with port 8080 (http)
2026-03-28T15:06:56.429+01:00  INFO 28244 --- [spring-monitoring] [main] o.apache.catalina.core.StandardService   : Starting service [Tomcat]
2026-03-28T15:06:56.429+01:00  INFO 28244 --- [spring-monitoring] [main] o.apache.catalina.core.StandardEngine    : Starting Servlet engine: [Apache Tomcat/10.1.52]
2026-03-28T15:06:56.502+01:00  INFO 28244 --- [spring-monitoring] [main] o.a.c.c.C.[Tomcat].[localhost].[/]       : Initializing Spring embedded WebApplicationContext
2026-03-28T15:06:56.502+01:00  INFO 28244 --- [spring-monitoring] [main] w.s.c.ServletWebServerApplicationContext : Root WebApplicationContext: initialization completed in 1323 ms
2026-03-28T15:06:57.151+01:00  INFO 28244 --- [spring-monitoring] [main] o.s.b.a.e.web.EndpointLinksResolver      : Exposing 15 endpoints beneath base path '/actuator'
2026-03-28T15:06:57.222+01:00  INFO 28244 --- [spring-monitoring] [main] o.s.b.w.embedded.tomcat.TomcatWebServer  : Tomcat started on port 8080 (http) with context path '/'
2026-03-28T15:06:57.231+01:00  INFO 28244 --- [spring-monitoring] [main] ma.fstg.SpringMonitoringApplication      : Started SpringMonitoringApplication in 2.607 seconds (process running for 3.941)
2026-03-28T15:07:30.642+01:00  INFO 28244 --- [spring-monitoring] [http-nio-8080-exec-1] o.a.c.c.C.[Tomcat].[localhost].[/]       : Initializing Spring DispatcherServlet 'dispatcherServlet'
2026-03-28T15:07:30.643+01:00  INFO 28244 --- [spring-monitoring] [http-nio-8080-exec-1] o.s.web.servlet.DispatcherServlet        : Initializing Servlet 'dispatcherServlet'
2026-03-28T15:07:30.644+01:00  INFO 28244 --- [spring-monitoring] [http-nio-8080-exec-1] o.s.web.servlet.DispatcherServlet        : Completed initialization in 1 ms
2026-03-28T15:11:41.374+01:00  INFO 28244 --- [spring-monitoring] [SpringApplicationShutdownHook] o.s.b.w.e.tomcat.GracefulShutdown        : Commencing graceful shutdown. Waiting for active requests to complete
2026-03-28T15:11:41.439+01:00  INFO 28244 --- [spring-monitoring] [tomcat-shutdown] o.s.b.w.e.tomcat.GracefulShutdown        : Graceful shutdown complete
2026-03-28T15:26:31.885+01:00  INFO 14500 --- [spring-monitoring] [main] m.fstg.SpringMonitoringApplicationTests  : Starting SpringMonitoringApplicationTests using Java 25.0.2 with PID 14500 (started by Hp Pavilion in C:\Users\Hp Pavilion\Desktop\spring-monitoring)
2026-03-28T15:26:31.887+01:00 DEBUG 14500 --- [spring-monitoring] [main] m.fstg.SpringMonitoringApplicationTests  : Running with Spring Boot v3.5.11, Spring v6.2.16
2026-03-28T15:26:31.888+01:00  INFO 14500 --- [spring-monitoring] [main] m.fstg.SpringMonitoringApplicationTests  : No active profile set, falling back to 1 default profile: "default"
2026-03-28T15:26:35.826+01:00  INFO 14500 --- [spring-monitoring] [main] o.s.b.a.e.web.EndpointLinksResolver      : Exposing 14 endpoints beneath base path '/actuator'
2026-03-28T15:26:35.904+01:00  INFO 14500 --- [spring-monitoring] [main] m.fstg.SpringMonitoringApplicationTests  : Started SpringMonitoringApplicationTests in 4.437 seconds (process running for 6.183)
2026-03-28T15:38:04.682+01:00  INFO 6392 --- [spring-monitoring] [main] m.fstg.SpringMonitoringApplicationTests  : Starting SpringMonitoringApplicationTests using Java 25.0.2 with PID 6392 (started by Hp Pavilion in C:\Users\Hp Pavilion\Desktop\spring-monitoring)
2026-03-28T15:38:04.685+01:00 DEBUG 6392 --- [spring-monitoring] [main] m.fstg.SpringMonitoringApplicationTests  : Running with Spring Boot v3.5.11, Spring v6.2.16
2026-03-28T15:38:04.688+01:00  INFO 6392 --- [spring-monitoring] [main] m.fstg.SpringMonitoringApplicationTests  : No active profile set, falling back to 1 default profile: "default"
2026-03-28T15:38:08.180+01:00  INFO 6392 --- [spring-monitoring] [main] o.s.b.a.e.web.EndpointLinksResolver      : Exposing 14 endpoints beneath base path '/actuator'
2026-03-28T15:38:08.290+01:00  INFO 6392 --- [spring-monitoring] [main] m.fstg.SpringMonitoringApplicationTests  : Started SpringMonitoringApplicationTests in 4.608 seconds (process running for 7.398)
2026-03-28T18:44:31.378+01:00  INFO 26928 --- [spring-monitoring] [main] ma.fstg.SpringMonitoringApplication      : Starting SpringMonitoringApplication using Java 25.0.2 with PID 26928 (C:\Users\Hp Pavilion\Desktop\spring-monitoring\target\classes started by Hp Pavilion in C:\Users\Hp Pavilion\Desktop\spring-monitoring)
2026-03-28T18:44:31.383+01:00 DEBUG 26928 --- [spring-monitoring] [main] ma.fstg.SpringMonitoringApplication      : Running with Spring Boot v3.5.11, Spring v6.2.16
2026-03-28T18:44:31.384+01:00  INFO 26928 --- [spring-monitoring] [main] ma.fstg.SpringMonitoringApplication      : No active profile set, falling back to 1 default profile: "default"
2026-03-28T18:44:34.574+01:00  INFO 26928 --- [spring-monitoring] [main] o.s.b.w.embedded.tomcat.TomcatWebServer  : Tomcat initialized with port 8080 (http)
2026-03-28T18:44:34.596+01:00  INFO 26928 --- [spring-monitoring] [main] o.apache.catalina.core.StandardService   : Starting service [Tomcat]
2026-03-28T18:44:34.596+01:00  INFO 26928 --- [spring-monitoring] [main] o.apache.catalina.core.StandardEngine    : Starting Servlet engine: [Apache Tomcat/10.1.52]
2026-03-28T18:44:34.676+01:00  INFO 26928 --- [spring-monitoring] [main] o.a.c.c.C.[Tomcat].[localhost].[/]       : Initializing Spring embedded WebApplicationContext
2026-03-28T18:44:34.676+01:00  INFO 26928 --- [spring-monitoring] [main] w.s.c.ServletWebServerApplicationContext : Root WebApplicationContext: initialization completed in 3207 ms
2026-03-28T18:44:37.719+01:00  INFO 26928 --- [spring-monitoring] [main] o.s.b.a.e.web.EndpointLinksResolver      : Exposing 15 endpoints beneath base path '/actuator'
2026-03-28T18:44:37.832+01:00  WARN 26928 --- [spring-monitoring] [main] ConfigServletWebServerApplicationContext : Exception encountered during context initialization - cancelling refresh attempt: org.springframework.context.ApplicationContextException: Failed to start bean 'webServerStartStop'
2026-03-28T18:44:37.860+01:00  INFO 26928 --- [spring-monitoring] [main] .s.b.a.l.ConditionEvaluationReportLogger : 

Error starting ApplicationContext. To display the condition evaluation report re-run your application with 'debug' enabled.
2026-03-28T18:44:37.886+01:00 ERROR 26928 --- [spring-monitoring] [main] o.s.b.d.LoggingFailureAnalysisReporter   : 

***************************
APPLICATION FAILED TO START
***************************

Description:

Web server failed to start. Port 8080 was already in use.

Action:

Identify and stop the process that's listening on port 8080 or configure this application to listen on another port.

